#
# A fatal error has been detected by the Java Runtime Environment:
#
#  SIGSEGV (0xb) at pc=0x000000010325a7a8, pid=5288, tid=0x0000000000004003
#
# JRE version: OpenJDK Runtime Environment (8.0_242-b08) (build 1.8.0_242-b08)
# Java VM: OpenJDK 64-Bit Server VM (25.242-b08 mixed mode bsd-amd64 compressed oops)
# Problematic frame:
# V  [libjvm.dylib+0x45a7a8]  OopMapSet::find_map_at_offset(int) const+0xe
#
# Failed to write core dump. Core dumps have been disabled. To enable core dumping, try "ulimit -c unlimited" before starting Java again
#
# If you would like to submit a bug report, please visit:
#   http://bugreport.java.com/bugreport/crash.jsp
#

---------------  T H R E A D  ---------------

Current thread (0x00007fbe67df0800):  JavaThread "Thread-5" daemon [_thread_in_Java, id=16387, stack(0x000070000cfcb000,0x000070000d0cb000)]

siginfo: si_signo: 11 (SIGSEGV), si_code: 0 (unknown), si_addr: 0x0000000000000000

Registers:
RAX=0x0000000066f6b680, RBX=0x000070000d0c8a90, RCX=0x0000000000000000, RDX=0x00007fbe66f6b6b0
RSP=0x000070000d0c8130, RBP=0x000070000d0c8130, RSI=0x0000000000000115, RDI=0x00007fbe66f69260
R8 =0x632f2f3a70747468, R9 =0x000070000d0c8218, R10=0x00000001033bab76, R11=0x00000001033bab9b
R12=0x000070000d0c8a90, R13=0x000070000d0c8360, R14=0x000070000d0c8360, R15=0x0000000000000008
RIP=0x000000010325a7a8, EFLAGS=0x0000000000010283, ERR=0x0000000000000000
  TRAPNO=0x000000000000000d

Top of Stack: (sp=0x000070000d0c8130)
0x000070000d0c8130:   000070000d0c81b0 000000010325b084
0x000070000d0c8140:   00007fbe66c3d040 000070000d0c8a90
0x000070000d0c8150:   000070000d0c8230 00000001032497bf
0x000070000d0c8160:   0000000000000a00 00007fbe66dd62e0
0x000070000d0c8170:   00007fbe6b1cbc00 00007fbe6b1cc290
0x000070000d0c8180:   00007fbe6b1d3be8 00000000000083b0
0x000070000d0c8190:   000070000d0c8300 000070000d0c8a90
0x000070000d0c81a0:   000070000d0c9440 0000000000000008
0x000070000d0c81b0:   000070000d0c8200 0000000103049814
0x000070000d0c81c0:   00007fbe67df0800 0000000106d198fc
0x000070000d0c81d0:   000070000d0c9470 000070000d0c8300
0x000070000d0c81e0:   000070000d0c8300 000070000d0c9770
0x000070000d0c81f0:   000070000d0c8a90 000070000d0c8360
0x000070000d0c8200:   000070000d0c8230 000000010304999e
0x000070000d0c8210:   0000000000000000 00007fbe67df0800
0x000070000d0c8220:   00007fbe66c3d040 000070000d0c8a90
0x000070000d0c8230:   000070000d0c8350 0000000102feec38
0x000070000d0c8240:   000070000d0c8a90 000070000d0c8a90
0x000070000d0c8250:   000070000d0c82d0 0000000000000000
0x000070000d0c8260:   00007fbe6b1cbc00 0000000000000000
0x000070000d0c8270:   000070000d0c82c0 0000000103091a85
0x000070000d0c8280:   000070000d0c00a9 00007fbe66dd62e0
0x000070000d0c8290:   000070000d0c82b0 00000001032496fe
0x000070000d0c82a0:   00007fbe66c3d418 00007fbe6b1cc270
0x000070000d0c82b0:   00007fbe6b1cbc00 0000000000000000
0x000070000d0c82c0:   000070000d0c82e0 0000000103380e11
0x000070000d0c82d0:   00007fbe6b1cbc00 00007fbe6b1cc270
0x000070000d0c82e0:   000070000d0c8350 0000000103382a01
0x000070000d0c82f0:   000070000d0c9430 00007fbe6b1cbc10
0x000070000d0c8300:   000070000d0c84a8 000070000d0c9770
0x000070000d0c8310:   000070000d0c8a90 00007fbe66c3d040
0x000070000d0c8320:   000070000d0c9048 00007fbe66c3d040 

Instructions: (pc=0x000000010325a7a8)
0x000000010325a788:   27 83 e6 f8 01 f0 48 83 c2 08 48 ff c9 75 d4 5d
0x000000010325a798:   c3 90 55 48 89 e5 8b 07 31 c9 eb 0c 4c 8b 04 ca
0x000000010325a7a8:   41 39 30 7d 0b 48 ff c1 39 c1 48 8b 57 08 7c ec
0x000000010325a7b8:   48 8b 04 ca 5d c3 55 48 89 e5 48 8b 07 5d c3 90 

Register to memory mapping:

RAX=0x0000000066f6b680 is an unknown value
RBX=0x000070000d0c8a90 is pointing into the stack for thread: 0x00007fbe67df0800
RCX=0x0000000000000000 is an unknown value
RDX=0x00007fbe66f6b6b0 is an unknown value
RSP=0x000070000d0c8130 is pointing into the stack for thread: 0x00007fbe67df0800
RBP=0x000070000d0c8130 is pointing into the stack for thread: 0x00007fbe67df0800
RSI=0x0000000000000115 is an unknown value
RDI=0x00007fbe66f69260 is an unknown value
R8 =0x632f2f3a70747468 is an unknown value
R9 =0x000070000d0c8218 is pointing into the stack for thread: 0x00007fbe67df0800
R10=0x00000001033bab76: _ZN26YieldingFlexibleGangWorkerD1Ev+0x1bbf0 in /Users/etranger/bin/Sencha/Cmd/7.3.0.19/.install4j/jre.bundle/Contents/Home/lib/server/libjvm.dylib at 0x0000000102e00000
R11=0x00000001033bab9b: _ZN26YieldingFlexibleGangWorkerD1Ev+0x1bc15 in /Users/etranger/bin/Sencha/Cmd/7.3.0.19/.install4j/jre.bundle/Contents/Home/lib/server/libjvm.dylib at 0x0000000102e00000
R12=0x000070000d0c8a90 is pointing into the stack for thread: 0x00007fbe67df0800
R13=0x000070000d0c8360 is pointing into the stack for thread: 0x00007fbe67df0800
R14=0x000070000d0c8360 is pointing into the stack for thread: 0x00007fbe67df0800
R15=0x0000000000000008 is an unknown value


Stack: [0x000070000cfcb000,0x000070000d0cb000],  sp=0x000070000d0c8130,  free space=1012k
Native frames: (J=compiled Java code, j=interpreted, Vv=VM code, C=native code)
V  [libjvm.dylib+0x45a7a8]  OopMapSet::find_map_at_offset(int) const+0xe
V  [libjvm.dylib+0x45b084]  OopMapSet::update_register_map(frame const*, RegisterMap*)+0x5c
V  [libjvm.dylib+0x249814]  frame::sender_for_compiled_frame(RegisterMap*) const+0x70
V  [libjvm.dylib+0x24999e]  frame::sender(RegisterMap*) const+0x72
V  [libjvm.dylib+0x1eec38]  Deoptimization::create_vframeArray(JavaThread*, frame, RegisterMap*, GrowableArray<compiledVFrame*>*, bool)+0x46
V  [libjvm.dylib+0x1ef94c]  Deoptimization::fetch_unroll_info_helper(JavaThread*)+0x4da
V  [libjvm.dylib+0x1f025e]  Deoptimization::fetch_unroll_info(JavaThread*)+0x18
v  ~DeoptimizationBlob
J 2781 C1 sun.nio.fs.MacOSXFileSystem.normalizeNativePath([C)[C (42 bytes) @ 0x000000010695f595 [0x000000010695f480+0x115]
J 4222 C1 sun.nio.fs.UnixPath.encode(Lsun/nio/fs/UnixFileSystem;Ljava/lang/String;)[B (198 bytes) @ 0x0000000106d198fc [0x0000000106d18660+0x129c]
J 4224 C1 sun.nio.fs.UnixFileSystem.getPath(Ljava/lang/String;[Ljava/lang/String;)Ljava/nio/file/Path; (105 bytes) @ 0x0000000106d23fac [0x0000000106d231e0+0xdcc]
j  java.io.FilePermission.init(I)V+172
J 4893 C1 sun.net.www.protocol.file.FileURLConnection.getPermission()Ljava/security/Permission; (70 bytes) @ 0x0000000106b2d344 [0x0000000106b2d220+0x124]
J 4737 C1 sun.net.www.protocol.jar.JarFileFactory.getCachedJarFile(Ljava/net/URL;)Ljava/util/jar/JarFile; (145 bytes) @ 0x000000010626d8dc [0x000000010626d780+0x15c]
J 4611 C1 sun.net.www.protocol.jar.JarFileFactory.get(Ljava/net/URL;Z)Ljava/util/jar/JarFile; (139 bytes) @ 0x00000001062f59fc [0x00000001062f58a0+0x15c]
J 3264 C1 sun.net.www.protocol.jar.JarURLConnection.connect()V (163 bytes) @ 0x0000000106aeee54 [0x0000000106aeeda0+0xb4]
J 4730 C1 sun.net.www.protocol.jar.JarURLConnection.getInputStream()Ljava/io/InputStream; (97 bytes) @ 0x00000001063dbbec [0x00000001063dbb80+0x6c]
j  com.sun.org.apache.xerces.internal.impl.XMLEntityManager.setupCurrentEntity(ZLjava/lang/String;Lcom/sun/org/apache/xerces/internal/xni/parser/XMLInputSource;ZZ)Ljava/lang/String;+114
j  com.sun.org.apache.xerces.internal.impl.XMLVersionDetector.determineDocVersion(Lcom/sun/org/apache/xerces/internal/xni/parser/XMLInputSource;)S+12
j  com.sun.org.apache.xerces.internal.parsers.XML11Configuration.parse(Z)Z+39
j  com.sun.org.apache.xerces.internal.parsers.XML11Configuration.parse(Lcom/sun/org/apache/xerces/internal/xni/parser/XMLInputSource;)V+29
j  com.sun.org.apache.xerces.internal.parsers.XMLParser.parse(Lcom/sun/org/apache/xerces/internal/xni/parser/XMLInputSource;)V+76
j  com.sun.org.apache.xerces.internal.parsers.AbstractSAXParser.parse(Lorg/xml/sax/InputSource;)V+43
j  com.sun.org.apache.xerces.internal.jaxp.SAXParserImpl$JAXPSAXParser.parse(Lorg/xml/sax/InputSource;)V+53
j  org.apache.tools.ant.helper.ProjectHelper2.parse(Lorg/apache/tools/ant/Project;Ljava/lang/Object;Lorg/apache/tools/ant/helper/ProjectHelper2$RootHandler;)V+516
j  org.apache.tools.ant.helper.ProjectHelper2.parseUnknownElement(Lorg/apache/tools/ant/Project;Ljava/net/URL;)Lorg/apache/tools/ant/UnknownElement;+54
j  org.apache.tools.ant.helper.ProjectHelper2.parseAntlibDescriptor(Lorg/apache/tools/ant/Project;Lorg/apache/tools/ant/types/Resource;)Lorg/apache/tools/ant/UnknownElement;+68
j  org.apache.tools.ant.taskdefs.Antlib.createAntlib(Lorg/apache/tools/ant/Project;Ljava/net/URL;Ljava/lang/String;)Lorg/apache/tools/ant/taskdefs/Antlib;+122
j  org.apache.tools.ant.taskdefs.Definer.loadAntlib(Ljava/lang/ClassLoader;Ljava/net/URL;)V+9
J 2424 C1 org.apache.tools.ant.taskdefs.Definer.execute()V (451 bytes) @ 0x000000010686d2f4 [0x000000010686c3a0+0xf54]
J 4897 C1 org.apache.tools.ant.taskdefs.Antlib.execute()V (150 bytes) @ 0x00000001063853ec [0x0000000106385180+0x26c]
j  org.apache.tools.ant.taskdefs.Definer.loadAntlib(Ljava/lang/ClassLoader;Ljava/net/URL;)V+27
J 2424 C1 org.apache.tools.ant.taskdefs.Definer.execute()V (451 bytes) @ 0x000000010686d2f4 [0x000000010686c3a0+0xf54]
j  com.sencha.ant.AntScript.loadSenchaCmd()Lcom/sencha/ant/AntScript;+51
j  com.sencha.command.plugin.PluginManager$2.call()Lcom/sencha/ant/AntScript;+31
j  com.sencha.command.plugin.PluginManager$2.call()Ljava/lang/Object;+1
j  java.util.concurrent.FutureTask.run()V+42
j  java.util.concurrent.ThreadPoolExecutor.runWorker(Ljava/util/concurrent/ThreadPoolExecutor$Worker;)V+95
j  java.util.concurrent.ThreadPoolExecutor$Worker.run()V+5
j  com.sencha.util.ThreadUtil$2.run()V+18
j  java.lang.Thread.run()V+11
v  ~StubRoutines::call_stub
V  [libjvm.dylib+0x2e3fa7]  JavaCalls::call_helper(JavaValue*, methodHandle*, JavaCallArguments*, Thread*)+0x6a7
V  [libjvm.dylib+0x2e474e]  JavaCalls::call_virtual(JavaValue*, KlassHandle, Symbol*, Symbol*, JavaCallArguments*, Thread*)+0x164
V  [libjvm.dylib+0x2e48fa]  JavaCalls::call_virtual(JavaValue*, Handle, KlassHandle, Symbol*, Symbol*, Thread*)+0x4a
V  [libjvm.dylib+0x3232ac]  thread_entry(JavaThread*, Thread*)+0x7c
V  [libjvm.dylib+0x541d0d]  JavaThread::thread_main_inner()+0x9b
V  [libjvm.dylib+0x5433f6]  JavaThread::run()+0x1c0
V  [libjvm.dylib+0x46529a]  java_start(Thread*)+0xf6
C  [libsystem_pthread.dylib+0x6109]  _pthread_start+0x94
C  [libsystem_pthread.dylib+0x1b8b]  thread_start+0xf
C  0x0000000000000000

Java frames: (J=compiled Java code, j=interpreted, Vv=VM code)
v  ~DeoptimizationBlob
J 2781 C1 sun.nio.fs.MacOSXFileSystem.normalizeNativePath([C)[C (42 bytes) @ 0x000000010695f595 [0x000000010695f480+0x115]

[error occurred during error reporting (printing Java stack), id 0xb]


---------------  P R O C E S S  ---------------

Java Threads: ( => current thread )
  0x00007fbe67de3800 JavaThread "qtp152485546-32" [_thread_blocked, id=27395, stack(0x000070000dffb000,0x000070000e0fb000)]
  0x00007fbe67e51800 JavaThread "qtp152485546-31" [_thread_blocked, id=27139, stack(0x000070000def8000,0x000070000dff8000)]
  0x00007fbe67c29000 JavaThread "qtp152485546-30" [_thread_blocked, id=26627, stack(0x000070000ddf5000,0x000070000def5000)]
  0x00007fbe676b1800 JavaThread "qtp152485546-29" [_thread_blocked, id=38403, stack(0x000070000dcf2000,0x000070000ddf2000)]
  0x00007fbe6734f800 JavaThread "qtp152485546-28" [_thread_blocked, id=26115, stack(0x000070000dbef000,0x000070000dcef000)]
  0x00007fbe6734f000 JavaThread "qtp152485546-27" [_thread_blocked, id=38915, stack(0x000070000daec000,0x000070000dbec000)]
  0x00007fbe6707f800 JavaThread "qtp152485546-26 Acceptor0 SelectChannelConnector@0.0.0.0:1841" [_thread_in_native, id=25347, stack(0x000070000d9e9000,0x000070000dae9000)]
  0x00007fbe6727a000 JavaThread "qtp152485546-25 Selector0" [_thread_in_native, id=39427, stack(0x000070000d8e6000,0x000070000d9e6000)]
  0x00007fbe67487000 JavaThread "HashSessionScavenger-2" daemon [_thread_blocked, id=39939, stack(0x000070000d7e3000,0x000070000d8e3000)]
  0x00007fbe672ea000 JavaThread "HashSessionScavenger-1" daemon [_thread_blocked, id=40451, stack(0x000070000d6e0000,0x000070000d7e0000)]
  0x00007fbe67499000 JavaThread "HashSessionScavenger-0" daemon [_thread_blocked, id=40707, stack(0x000070000d5dd000,0x000070000d6dd000)]
  0x00007fbe68387000 JavaThread "Thread-10" daemon [_thread_in_native, id=24835, stack(0x000070000d4da000,0x000070000d5da000)]
  0x00007fbe68a4a800 JavaThread "Thread-9" daemon [_thread_in_native, id=41475, stack(0x000070000d3d7000,0x000070000d4d7000)]
  0x00007fbe6727e000 JavaThread "Thread-8" daemon [_thread_blocked, id=24323, stack(0x000070000d2d4000,0x000070000d3d4000)]
  0x00007fbe6752c000 JavaThread "Thread-7" daemon [_thread_blocked, id=22019, stack(0x000070000d1d1000,0x000070000d2d1000)]
  0x00007fbe67e0d000 JavaThread "Thread-6" daemon [_thread_blocked, id=21763, stack(0x000070000d0ce000,0x000070000d1ce000)]
=>0x00007fbe67df0800 JavaThread "Thread-5" daemon [_thread_in_Java, id=16387, stack(0x000070000cfcb000,0x000070000d0cb000)]
  0x00007fbe67496800 JavaThread "process reaper" daemon [_thread_blocked, id=15619, stack(0x000070000cfa0000,0x000070000cfc8000)]
  0x00007fbe67d4b800 JavaThread "Thread-4" daemon [_thread_blocked, id=15363, stack(0x000070000ce9d000,0x000070000cf9d000)]
  0x00007fbe67d30800 JavaThread "Thread-3" [_thread_in_native, id=16903, stack(0x000070000cd9a000,0x000070000ce9a000)]
  0x00007fbe67bdb000 JavaThread "Timer-0" daemon [_thread_blocked, id=17155, stack(0x000070000cc97000,0x000070000cd97000)]
  0x00007fbe67034800 JavaThread "Service Thread" daemon [_thread_blocked, id=14339, stack(0x000070000ca91000,0x000070000cb91000)]
  0x00007fbe6702c000 JavaThread "C1 CompilerThread2" daemon [_thread_blocked, id=18179, stack(0x000070000c98e000,0x000070000ca8e000)]
  0x00007fbe6702b000 JavaThread "C2 CompilerThread1" daemon [_thread_in_native, id=13827, stack(0x000070000c88b000,0x000070000c98b000)]
  0x00007fbe67029800 JavaThread "C2 CompilerThread0" daemon [_thread_in_native, id=13571, stack(0x000070000c788000,0x000070000c888000)]
  0x00007fbe67029000 JavaThread "Signal Dispatcher" daemon [_thread_blocked, id=18947, stack(0x000070000c685000,0x000070000c785000)]
  0x00007fbe67855000 JavaThread "Finalizer" daemon [_thread_blocked, id=11267, stack(0x000070000c47c000,0x000070000c57c000)]
  0x00007fbe67852800 JavaThread "Reference Handler" daemon [_thread_blocked, id=20995, stack(0x000070000c379000,0x000070000c479000)]
  0x00007fbe68809000 JavaThread "main" [_thread_in_vm, id=3331, stack(0x000070000bd67000,0x000070000be67000)]

Other Threads:
  0x00007fbe6784c000 VMThread [stack: 0x000070000c276000,0x000070000c376000] [id=21507]
  0x00007fbe67035800 WatcherThread [stack: 0x000070000cb94000,0x000070000cc94000] [id=17411]

VM state:not at safepoint (normal execution)

VM Mutex/Monitor currently owned by a thread: None

heap address: 0x0000000740000000, size: 2048 MB, Compressed Oops mode: Zero based, Oop shift amount: 3
Narrow klass base: 0x0000000000000000, Narrow klass shift: 3
Compressed class space size: 1073741824 Address: 0x00000007c0000000

Heap:
 PSYoungGen      total 206848K, used 103079K [0x0000000795580000, 0x00000007a8200000, 0x00000007c0000000)
  eden space 188416K, 45% used [0x0000000795580000,0x000000079a8a2728,0x00000007a0d80000)
  from space 18432K, 97% used [0x00000007a7000000,0x00000007a8187550,0x00000007a8200000)
  to   space 26112K, 0% used [0x00000007a4f00000,0x00000007a4f00000,0x00000007a6880000)
 ParOldGen       total 175104K, used 37440K [0x0000000740000000, 0x000000074ab00000, 0x0000000795580000)
  object space 175104K, 21% used [0x0000000740000000,0x0000000742490100,0x000000074ab00000)
 Metaspace       used 27375K, capacity 28408K, committed 28672K, reserved 1075200K
  class space    used 3097K, capacity 3513K, committed 3584K, reserved 1048576K

Card table byte_map: [0x0000000103d52000,0x0000000104153000] byte_map_base: 0x0000000100352000

Marking Bits: (ParMarkBitMap*) 0x000000010369f5b0
 Begin Bits: [0x0000000115048000, 0x0000000117048000)
 End Bits:   [0x0000000117048000, 0x0000000119048000)

Polling page: 0x00000001025c2000

CodeCache: size=245760Kb used=12569Kb max_used=13528Kb free=233190Kb
 bounds [0x0000000106048000, 0x0000000106db8000, 0x0000000115048000]
 total_blobs=4728 nmethods=4270 adapters=372
 compilation: enabled

Compilation events (10 events):
Event: 6,532 Thread 0x00007fbe6702c000 5025       2       org.mozilla.javascript.ContextFactory::enterContext (6 bytes)
Event: 6,532 Thread 0x00007fbe6702c000 nmethod 5025 0x00000001066c6a10 code [0x00000001066c6b80, 0x00000001066c6d08]
Event: 6,532 Thread 0x00007fbe6702c000 5021       2       java.util.Arrays::sort (37 bytes)
Event: 6,532 Thread 0x00007fbe6702c000 nmethod 5021 0x00000001066c6590 code [0x00000001066c6700, 0x00000001066c68d8]
Event: 6,536 Thread 0x00007fbe6702c000 5026       2       org.mozilla.javascript.IRFactory::transformScript (98 bytes)
Event: 6,537 Thread 0x00007fbe6702c000 nmethod 5026 0x00000001066c5a90 code [0x00000001066c5c60, 0x00000001066c61c8]
Event: 6,544 Thread 0x00007fbe6702c000 5028       2       com.sencha.util.PathUtil::isAbsolute (12 bytes)
Event: 6,544 Thread 0x00007fbe6702c000 nmethod 5028 0x00000001066c5690 code [0x00000001066c5800, 0x00000001066c59c8]
Event: 6,554 Thread 0x00007fbe6702c000 5029       3       sun.nio.fs.UnixPath::normalizeAndCheck (75 bytes)
Event: 6,555 Thread 0x00007fbe6702c000 nmethod 5029 0x00000001066c4910 code [0x00000001066c4b00, 0x00000001066c5298]

GC Heap History (10 events):
Event: 3,008 GC heap before
{Heap before GC invocations=3 (full 0):
 PSYoungGen      total 76288K, used 76282K [0x0000000795580000, 0x000000079ea80000, 0x00000007c0000000)
  eden space 65536K, 100% used [0x0000000795580000,0x0000000799580000,0x0000000799580000)
  from space 10752K, 99% used [0x000000079a000000,0x000000079aa7e980,0x000000079aa80000)
  to   space 10752K, 0% used [0x0000000799580000,0x0000000799580000,0x000000079a000000)
 ParOldGen       total 175104K, used 1626K [0x0000000740000000, 0x000000074ab00000, 0x0000000795580000)
  object space 175104K, 0% used [0x0000000740000000,0x0000000740196948,0x000000074ab00000)
 Metaspace       used 17613K, capacity 17866K, committed 17920K, reserved 1064960K
  class space    used 1940K, capacity 2019K, committed 2048K, reserved 1048576K
Event: 3,024 GC heap after
Heap after GC invocations=3 (full 0):
 PSYoungGen      total 76288K, used 10740K [0x0000000795580000, 0x000000079ea80000, 0x00000007c0000000)
  eden space 65536K, 0% used [0x0000000795580000,0x0000000795580000,0x0000000799580000)
  from space 10752K, 99% used [0x0000000799580000,0x0000000799ffd200,0x000000079a000000)
  to   space 10752K, 0% used [0x000000079e000000,0x000000079e000000,0x000000079ea80000)
 ParOldGen       total 175104K, used 8179K [0x0000000740000000, 0x000000074ab00000, 0x0000000795580000)
  object space 175104K, 4% used [0x0000000740000000,0x00000007407fcdf8,0x000000074ab00000)
 Metaspace       used 17613K, capacity 17866K, committed 17920K, reserved 1064960K
  class space    used 1940K, capacity 2019K, committed 2048K, reserved 1048576K
}
Event: 3,400 GC heap before
{Heap before GC invocations=4 (full 0):
 PSYoungGen      total 76288K, used 76276K [0x0000000795580000, 0x000000079ea80000, 0x00000007c0000000)
  eden space 65536K, 100% used [0x0000000795580000,0x0000000799580000,0x0000000799580000)
  from space 10752K, 99% used [0x0000000799580000,0x0000000799ffd200,0x000000079a000000)
  to   space 10752K, 0% used [0x000000079e000000,0x000000079e000000,0x000000079ea80000)
 ParOldGen       total 175104K, used 8179K [0x0000000740000000, 0x000000074ab00000, 0x0000000795580000)
  object space 175104K, 4% used [0x0000000740000000,0x00000007407fcdf8,0x000000074ab00000)
 Metaspace       used 17909K, capacity 18236K, committed 18560K, reserved 1064960K
  class space    used 1952K, capacity 2054K, committed 2176K, reserved 1048576K
Event: 3,421 GC heap after
Heap after GC invocations=4 (full 0):
 PSYoungGen      total 141824K, used 10742K [0x0000000795580000, 0x000000079ea80000, 0x00000007c0000000)
  eden space 131072K, 0% used [0x0000000795580000,0x0000000795580000,0x000000079d580000)
  from space 10752K, 99% used [0x000000079e000000,0x000000079ea7dad0,0x000000079ea80000)
  to   space 10752K, 0% used [0x000000079d580000,0x000000079d580000,0x000000079e000000)
 ParOldGen       total 175104K, used 15057K [0x0000000740000000, 0x000000074ab00000, 0x0000000795580000)
  object space 175104K, 8% used [0x0000000740000000,0x0000000740eb4720,0x000000074ab00000)
 Metaspace       used 17909K, capacity 18236K, committed 18560K, reserved 1064960K
  class space    used 1952K, capacity 2054K, committed 2176K, reserved 1048576K
}
Event: 4,443 GC heap before
{Heap before GC invocations=5 (full 0):
 PSYoungGen      total 141824K, used 139774K [0x0000000795580000, 0x000000079ea80000, 0x00000007c0000000)
  eden space 131072K, 98% used [0x0000000795580000,0x000000079d381ed0,0x000000079d580000)
  from space 10752K, 99% used [0x000000079e000000,0x000000079ea7dad0,0x000000079ea80000)
  to   space 10752K, 0% used [0x000000079d580000,0x000000079d580000,0x000000079e000000)
 ParOldGen       total 175104K, used 15057K [0x0000000740000000, 0x000000074ab00000, 0x0000000795580000)
  object space 175104K, 8% used [0x0000000740000000,0x0000000740eb4720,0x000000074ab00000)
 Metaspace       used 20672K, capacity 21078K, committed 21248K, reserved 1069056K
  class space    used 2266K, capacity 2461K, committed 2560K, reserved 1048576K
Event: 4,472 GC heap after
Heap after GC invocations=5 (full 0):
 PSYoungGen      total 141824K, used 10740K [0x0000000795580000, 0x00000007a8a80000, 0x00000007c0000000)
  eden space 131072K, 0% used [0x0000000795580000,0x0000000795580000,0x000000079d580000)
  from space 10752K, 99% used [0x000000079d580000,0x000000079dffd220,0x000000079e000000)
  to   space 27136K, 0% used [0x00000007a7000000,0x00000007a7000000,0x00000007a8a80000)
 ParOldGen       total 175104K, used 29957K [0x0000000740000000, 0x000000074ab00000, 0x0000000795580000)
  object space 175104K, 17% used [0x0000000740000000,0x0000000741d417c0,0x000000074ab00000)
 Metaspace       used 20672K, capacity 21078K, committed 21248K, reserved 1069056K
  class space    used 2266K, capacity 2461K, committed 2560K, reserved 1048576K
}
Event: 4,472 GC heap before
{Heap before GC invocations=6 (full 1):
 PSYoungGen      total 141824K, used 10740K [0x0000000795580000, 0x00000007a8a80000, 0x00000007c0000000)
  eden space 131072K, 0% used [0x0000000795580000,0x0000000795580000,0x000000079d580000)
  from space 10752K, 99% used [0x000000079d580000,0x000000079dffd220,0x000000079e000000)
  to   space 27136K, 0% used [0x00000007a7000000,0x00000007a7000000,0x00000007a8a80000)
 ParOldGen       total 175104K, used 29957K [0x0000000740000000, 0x000000074ab00000, 0x0000000795580000)
  object space 175104K, 17% used [0x0000000740000000,0x0000000741d417c0,0x000000074ab00000)
 Metaspace       used 20672K, capacity 21078K, committed 21248K, reserved 1069056K
  class space    used 2266K, capacity 2461K, committed 2560K, reserved 1048576K
Event: 4,617 GC heap after
Heap after GC invocations=6 (full 1):
 PSYoungGen      total 141824K, used 0K [0x0000000795580000, 0x00000007a8a80000, 0x00000007c0000000)
  eden space 131072K, 0% used [0x0000000795580000,0x0000000795580000,0x000000079d580000)
  from space 10752K, 0% used [0x000000079d580000,0x000000079d580000,0x000000079e000000)
  to   space 27136K, 0% used [0x00000007a7000000,0x00000007a7000000,0x00000007a8a80000)
 ParOldGen       total 175104K, used 37432K [0x0000000740000000, 0x000000074ab00000, 0x0000000795580000)
  object space 175104K, 21% used [0x0000000740000000,0x000000074248e100,0x000000074ab00000)
 Metaspace       used 20672K, capacity 21078K, committed 21248K, reserved 1069056K
  class space    used 2266K, capacity 2461K, committed 2560K, reserved 1048576K
}
Event: 6,231 GC heap before
{Heap before GC invocations=7 (full 1):
 PSYoungGen      total 141824K, used 131072K [0x0000000795580000, 0x00000007a8a80000, 0x00000007c0000000)
  eden space 131072K, 100% used [0x0000000795580000,0x000000079d580000,0x000000079d580000)
  from space 10752K, 0% used [0x000000079d580000,0x000000079d580000,0x000000079e000000)
  to   space 27136K, 0% used [0x00000007a7000000,0x00000007a7000000,0x00000007a8a80000)
 ParOldGen       total 175104K, used 37432K [0x0000000740000000, 0x000000074ab00000, 0x0000000795580000)
  object space 175104K, 21% used [0x0000000740000000,0x000000074248e100,0x000000074ab00000)
 Metaspace       used 27116K, capacity 28114K, committed 28416K, reserved 1075200K
  class space    used 3080K, capacity 3480K, committed 3584K, reserved 1048576K
Event: 6,256 GC heap after
Heap after GC invocations=7 (full 1):
 PSYoungGen      total 206848K, used 17949K [0x0000000795580000, 0x00000007a8200000, 0x00000007c0000000)
  eden space 188416K, 0% used [0x0000000795580000,0x0000000795580000,0x00000007a0d80000)
  from space 18432K, 97% used [0x00000007a7000000,0x00000007a8187550,0x00000007a8200000)
  to   space 26112K, 0% used [0x00000007a4f00000,0x00000007a4f00000,0x00000007a6880000)
 ParOldGen       total 175104K, used 37440K [0x0000000740000000, 0x000000074ab00000, 0x0000000795580000)
  object space 175104K, 21% used [0x0000000740000000,0x0000000742490100,0x000000074ab00000)
 Metaspace       used 27116K, capacity 28114K, committed 28416K, reserved 1075200K
  class space    used 3080K, capacity 3480K, committed 3584K, reserved 1048576K
}

Deoptimization events (10 events):
Event: 5,670 Thread 0x00007fbe6727e000 Uncommon trap: reason=unstable_if action=reinterpret pc=0x0000000106574eb0 method=java.lang.ClassLoader.checkName(Ljava/lang/String;)Z @ 20
Event: 5,705 Thread 0x00007fbe6727e000 Uncommon trap: reason=unstable_if action=reinterpret pc=0x00000001069fd3d4 method=java.lang.String.regionMatches(ILjava/lang/String;II)Z @ 84
Event: 5,899 Thread 0x00007fbe68809000 Uncommon trap: reason=unstable_if action=reinterpret pc=0x000000010646c674 method=org.mozilla.javascript.ScriptableObject.put(Ljava/lang/String;Lorg/mozilla/javascript/Scriptable;Ljava/lang/Object;)V @ 8
Event: 6,101 Thread 0x00007fbe68809000 Uncommon trap: reason=class_check action=maybe_recompile pc=0x0000000106ae2700 method=java.util.HashSet.add(Ljava/lang/Object;)Z @ 8
Event: 6,101 Thread 0x00007fbe68809000 Uncommon trap: reason=class_check action=maybe_recompile pc=0x0000000106ae2700 method=java.util.HashSet.add(Ljava/lang/Object;)Z @ 8
Event: 6,101 Thread 0x00007fbe68809000 Uncommon trap: reason=class_check action=maybe_recompile pc=0x0000000106ae2700 method=java.util.HashSet.add(Ljava/lang/Object;)Z @ 8
Event: 6,101 Thread 0x00007fbe68809000 Uncommon trap: reason=class_check action=maybe_recompile pc=0x0000000106ae2700 method=java.util.HashSet.add(Ljava/lang/Object;)Z @ 8
Event: 6,499 Thread 0x00007fbe68809000 Uncommon trap: reason=unstable_if action=reinterpret pc=0x00000001067f6e4c method=com.google.gson.stream.JsonWriter.string(Ljava/lang/String;)V @ 57
Event: 6,502 Thread 0x00007fbe68809000 Uncommon trap: reason=unstable_if action=reinterpret pc=0x00000001064b4a30 method=java.util.HashMap.getNode(ILjava/lang/Object;)Ljava/util/HashMap$Node; @ 129
Event: 6,506 Thread 0x00007fbe68809000 Uncommon trap: reason=unstable_if action=reinterpret pc=0x00000001065f9634 method=com.google.gson.Gson.getAdapter(Lcom/google/gson/reflect/TypeToken;)Lcom/google/gson/TypeAdapter; @ 81

Classes redefined (0 events):
No events

Internal exceptions (10 events):
Event: 5,292 Thread 0x00007fbe68809000 Implicit null exception at 0x000000010696d7ee to 0x000000010696e00d
Event: 5,407 Thread 0x00007fbe68809000 Implicit null exception at 0x0000000106ad01fb to 0x0000000106ad279d
Event: 6,004 Thread 0x00007fbe68809000 Exception <a 'java/lang/ClassNotFoundException': com/sencha/command/compile/CompileCommandsBeanInfo> (0x000000079a691820) thrown at [/Users/jenkins/workspace/build-scripts/jobs/jdk8u/jdk8u-mac-x64-hotspot/workspace/build/src/hotspot/src/share/vm/classfile
Event: 6,004 Thread 0x00007fbe68809000 Exception <a 'java/lang/ClassNotFoundException': com/sencha/command/BaseConfigCommandsBeanInfo> (0x000000079a6a1c38) thrown at [/Users/jenkins/workspace/build-scripts/jobs/jdk8u/jdk8u-mac-x64-hotspot/workspace/build/src/hotspot/src/share/vm/classfile/syst
Event: 6,005 Thread 0x00007fbe68809000 Exception <a 'java/lang/ClassNotFoundException': com/sencha/command/BaseSenchaCommandsBeanInfo> (0x000000079a6b2058) thrown at [/Users/jenkins/workspace/build-scripts/jobs/jdk8u/jdk8u-mac-x64-hotspot/workspace/build/src/hotspot/src/share/vm/classfile/syst
Event: 6,005 Thread 0x00007fbe68809000 Exception <a 'java/lang/ClassNotFoundException': com/sencha/cli/CommandsBeanInfo> (0x000000079a6bfac8) thrown at [/Users/jenkins/workspace/build-scripts/jobs/jdk8u/jdk8u-mac-x64-hotspot/workspace/build/src/hotspot/src/share/vm/classfile/systemDictionary.c
Event: 6,005 Thread 0x00007fbe68809000 Exception <a 'java/lang/ClassNotFoundException': com/sencha/cli/CommandsCustomizer> (0x000000079a6cd978) thrown at [/Users/jenkins/workspace/build-scripts/jobs/jdk8u/jdk8u-mac-x64-hotspot/workspace/build/src/hotspot/src/share/vm/classfile/systemDictionary
Event: 6,006 Thread 0x00007fbe68809000 Exception <a 'java/lang/ClassNotFoundException': com/sencha/command/BaseSenchaCommandsCustomizer> (0x000000079a6e35c0) thrown at [/Users/jenkins/workspace/build-scripts/jobs/jdk8u/jdk8u-mac-x64-hotspot/workspace/build/src/hotspot/src/share/vm/classfile/sy
Event: 6,007 Thread 0x00007fbe68809000 Exception <a 'java/lang/ClassNotFoundException': com/sencha/command/BaseConfigCommandsCustomizer> (0x000000079a6f5e98) thrown at [/Users/jenkins/workspace/build-scripts/jobs/jdk8u/jdk8u-mac-x64-hotspot/workspace/build/src/hotspot/src/share/vm/classfile/sy
Event: 6,008 Thread 0x00007fbe68809000 Exception <a 'java/lang/ClassNotFoundException': com/sencha/command/compile/CompileCommandsCustomizer> (0x000000079a7214c0) thrown at [/Users/jenkins/workspace/build-scripts/jobs/jdk8u/jdk8u-mac-x64-hotspot/workspace/build/src/hotspot/src/share/vm/classfi

Events (10 events):
Event: 6,551 loading class com/sencha/util/filters/FilterChain done
Event: 6,551 Thread 0x00007fbe67df0800 DEOPT PACKING pc=0x0000000106956ccf sp=0x000070000d0c9b90
Event: 6,551 Thread 0x00007fbe67df0800 DEOPT UNPACKING pc=0x000000010608f4c4 sp=0x000070000d0c9908 mode 0
Event: 6,552 loading class com/sencha/util/filters/RegexFilter
Event: 6,552 loading class com/sencha/util/filters/RegexFilter done
Event: 6,554 loading class com/sencha/util/filters/RegexFilter$1
Event: 6,554 loading class com/sencha/util/filters/RegexFilter$1 done
Event: 6,555 loading class com/sencha/command/environment/AppOrPackageEnvironment$11
Event: 6,555 loading class com/sencha/command/environment/AppOrPackageEnvironment$11 done
Event: 6,555 Thread 0x00007fbe67df0800 DEOPT PACKING pc=0x000000010695f595 sp=0x000070000d0c9440


Dynamic libraries:
0x00007fff3585b000 	/System/Library/Frameworks/Cocoa.framework/Versions/A/Cocoa
0x00007fff43052000 	/System/Library/Frameworks/Security.framework/Versions/A/Security
0x00007fff347c0000 	/System/Library/Frameworks/ApplicationServices.framework/Versions/A/ApplicationServices
0x00007fff6fd38000 	/usr/lib/libz.1.dylib
0x00007fff6d7fc000 	/usr/lib/libSystem.B.dylib
0x00007fff6f65c000 	/usr/lib/libobjc.A.dylib
0x00007fff38dba000 	/System/Library/Frameworks/Foundation.framework/Versions/C/Foundation
0x00007fff366fd000 	/System/Library/Frameworks/CoreFoundation.framework/Versions/A/CoreFoundation
0x00007fff339b0000 	/System/Library/Frameworks/AppKit.framework/Versions/C/AppKit
0x00007fff361df000 	/System/Library/Frameworks/CoreData.framework/Versions/A/CoreData
0x00007fff67812000 	/System/Library/PrivateFrameworks/UIFoundation.framework/Versions/A/UIFoundation
0x00007fff628a6000 	/System/Library/PrivateFrameworks/RemoteViewServices.framework/Versions/A/RemoteViewServices
0x00007fff6a36c000 	/System/Library/PrivateFrameworks/XCTTargetBootstrap.framework/Versions/A/XCTTargetBootstrap
0x00007fff365ca000 	/System/Library/Frameworks/CoreDisplay.framework/Versions/A/CoreDisplay
0x00007fff3bc74000 	/System/Library/Frameworks/Metal.framework/Versions/A/Metal
0x00007fff5086b000 	/System/Library/PrivateFrameworks/DesktopServicesPriv.framework/Versions/A/DesktopServicesPriv
0x00007fff6e937000 	/usr/lib/liblangid.dylib
0x00007fff4fb00000 	/System/Library/PrivateFrameworks/CoreSVG.framework/Versions/A/CoreSVG
0x00007fff65a02000 	/System/Library/PrivateFrameworks/SkyLight.framework/Versions/A/SkyLight
0x00007fff36b7e000 	/System/Library/Frameworks/CoreGraphics.framework/Versions/A/CoreGraphics
0x00007fff32384000 	/System/Library/Frameworks/Accelerate.framework/Versions/A/Accelerate
0x00007fff6fc29000 	/usr/lib/libxml2.2.dylib
0x00007fff5b809000 	/System/Library/PrivateFrameworks/IconServices.framework/Versions/A/IconServices
0x00007fff39599000 	/System/Library/Frameworks/IOSurface.framework/Versions/A/IOSurface
0x00007fff6d326000 	/usr/lib/libDiagnosticMessagesClient.dylib
0x00007fff506c5000 	/System/Library/PrivateFrameworks/DFRFoundation.framework/Versions/A/DFRFoundation
0x00007fff6e6c6000 	/usr/lib/libicucore.A.dylib
0x00007fff34af2000 	/System/Library/Frameworks/AudioToolbox.framework/Versions/A/AudioToolbox
0x00007fff34bd5000 	/System/Library/Frameworks/AudioUnit.framework/Versions/A/AudioUnit
0x00007fff6d9fe000 	/usr/lib/libauto.dylib
0x00007fff50767000 	/System/Library/PrivateFrameworks/DataDetectorsCore.framework/Versions/A/DataDetectorsCore
0x00007fff3537c000 	/System/Library/Frameworks/Carbon.framework/Versions/A/Frameworks/HIToolbox.framework/Versions/A/HIToolbox
0x00007fff4224c000 	/System/Library/Frameworks/QuartzCore.framework/Versions/A/QuartzCore
0x00007fff356bb000 	/System/Library/Frameworks/Carbon.framework/Versions/A/Frameworks/SpeechRecognition.framework/Versions/A/SpeechRecognition
0x00007fff501d9000 	/System/Library/PrivateFrameworks/CoreUI.framework/Versions/A/CoreUI
0x00007fff35c4a000 	/System/Library/Frameworks/CoreAudio.framework/Versions/A/CoreAudio
0x00007fff38a79000 	/System/Library/Frameworks/DiskArbitration.framework/Versions/A/DiskArbitration
0x00007fff5d881000 	/System/Library/PrivateFrameworks/MultitouchSupport.framework/Versions/A/MultitouchSupport
0x00007fff6e58d000 	/usr/lib/libenergytrace.dylib
0x00007fff394f3000 	/System/Library/Frameworks/IOKit.framework/Versions/A/IOKit
0x00007fff37ae5000 	/System/Library/Frameworks/CoreServices.framework/Versions/A/CoreServices
0x00007fff5fa39000 	/System/Library/PrivateFrameworks/PerformanceAnalysis.framework/Versions/A/PerformanceAnalysis
0x00007fff4127f000 	/System/Library/Frameworks/OpenGL.framework/Versions/A/OpenGL
0x00007fff35869000 	/System/Library/Frameworks/ColorSync.framework/Versions/A/ColorSync
0x00007fff37201000 	/System/Library/Frameworks/CoreImage.framework/Versions/A/CoreImage
0x00007fff38558000 	/System/Library/Frameworks/CoreText.framework/Versions/A/CoreText
0x00007fff39629000 	/System/Library/Frameworks/ImageIO.framework/Versions/A/ImageIO
0x00007fff6dae2000 	/usr/lib/libc++.1.dylib
0x00007fff6db5e000 	/usr/lib/libcompression.dylib
0x00007fff6d66a000 	/usr/lib/libMobileGestalt.dylib
0x00007fff6757c000 	/System/Library/PrivateFrameworks/TextureIO.framework/Versions/A/TextureIO
0x00007fff6d961000 	/usr/lib/libate.dylib
0x00007fff5ba12000 	/System/Library/PrivateFrameworks/InternationalSupport.framework/Versions/A/InternationalSupport
0x00007fff705f9000 	/usr/lib/system/libcache.dylib
0x00007fff705ff000 	/usr/lib/system/libcommonCrypto.dylib
0x00007fff7060b000 	/usr/lib/system/libcompiler_rt.dylib
0x00007fff70613000 	/usr/lib/system/libcopyfile.dylib
0x00007fff7061d000 	/usr/lib/system/libcorecrypto.dylib
0x00007fff707bc000 	/usr/lib/system/libdispatch.dylib
0x00007fff707fd000 	/usr/lib/system/libdyld.dylib
0x00007fff70834000 	/usr/lib/system/libkeymgr.dylib
0x00007fff70842000 	/usr/lib/system/liblaunch.dylib
0x00007fff70843000 	/usr/lib/system/libmacho.dylib
0x00007fff70849000 	/usr/lib/system/libquarantine.dylib
0x00007fff7084c000 	/usr/lib/system/libremovefile.dylib
0x00007fff7084e000 	/usr/lib/system/libsystem_asl.dylib
0x00007fff70866000 	/usr/lib/system/libsystem_blocks.dylib
0x00007fff70867000 	/usr/lib/system/libsystem_c.dylib
0x00007fff708ef000 	/usr/lib/system/libsystem_configuration.dylib
0x00007fff708f3000 	/usr/lib/system/libsystem_coreservices.dylib
0x00007fff708f7000 	/usr/lib/system/libsystem_darwin.dylib
0x00007fff70900000 	/usr/lib/system/libsystem_dnssd.dylib
0x00007fff70908000 	/usr/lib/system/libsystem_featureflags.dylib
0x00007fff7090a000 	/usr/lib/system/libsystem_info.dylib
0x00007fff70985000 	/usr/lib/system/libsystem_m.dylib
0x00007fff709cd000 	/usr/lib/system/libsystem_malloc.dylib
0x00007fff709f5000 	/usr/lib/system/libsystem_networkextension.dylib
0x00007fff70a03000 	/usr/lib/system/libsystem_notify.dylib
0x00007fff70a21000 	/usr/lib/system/libsystem_sandbox.dylib
0x00007fff70a26000 	/usr/lib/system/libsystem_secinit.dylib
0x00007fff70958000 	/usr/lib/system/libsystem_kernel.dylib
0x00007fff70a0d000 	/usr/lib/system/libsystem_platform.dylib
0x00007fff70a16000 	/usr/lib/system/libsystem_pthread.dylib
0x00007fff70a29000 	/usr/lib/system/libsystem_symptoms.dylib
0x00007fff70a31000 	/usr/lib/system/libsystem_trace.dylib
0x00007fff70a49000 	/usr/lib/system/libunwind.dylib
0x00007fff70a4f000 	/usr/lib/system/libxpc.dylib
0x00007fff6db35000 	/usr/lib/libc++abi.dylib
0x00007fff6e939000 	/usr/lib/liblzma.5.dylib
0x00007fff6e5b4000 	/usr/lib/libfakelink.dylib
0x00007fff6d8ee000 	/usr/lib/libarchive.2.dylib
0x00007fff44103000 	/System/Library/Frameworks/SystemConfiguration.framework/Versions/A/SystemConfiguration
0x00007fff6d259000 	/usr/lib/libCRFSuite.dylib
0x00007fff34f6c000 	/System/Library/Frameworks/CFNetwork.framework/Versions/A/CFNetwork
0x00007fff6dac4000 	/usr/lib/libbsm.0.dylib
0x00007fff70835000 	/usr/lib/system/libkxld.dylib
0x00007fff4a042000 	/System/Library/PrivateFrameworks/AppleFSCompression.framework/Versions/A/AppleFSCompression
0x00007fff6de4f000 	/usr/lib/libcoretls.dylib
0x00007fff6de66000 	/usr/lib/libcoretls_cfhelpers.dylib
0x00007fff6f6a2000 	/usr/lib/libpam.2.dylib
0x00007fff6f7d7000 	/usr/lib/libsqlite3.dylib
0x00007fff6fc16000 	/usr/lib/libxar.1.dylib
0x00007fff6dad5000 	/usr/lib/libbz2.1.0.dylib
0x00007fff6e5d5000 	/usr/lib/libiconv.2.dylib
0x00007fff6db4b000 	/usr/lib/libcharset.1.dylib
0x00007fff6f13f000 	/usr/lib/libnetwork.dylib
0x00007fff6f6a9000 	/usr/lib/libpcap.A.dylib
0x00007fff6d8a3000 	/usr/lib/libapple_nghttp2.dylib
0x00007fff37e9c000 	/System/Library/Frameworks/CoreServices.framework/Versions/A/Frameworks/FSEvents.framework/Versions/A/FSEvents
0x00007fff37b6c000 	/System/Library/Frameworks/CoreServices.framework/Versions/A/Frameworks/CarbonCore.framework/Versions/A/CarbonCore
0x00007fff380e0000 	/System/Library/Frameworks/CoreServices.framework/Versions/A/Frameworks/Metadata.framework/Versions/A/Metadata
0x00007fff38179000 	/System/Library/Frameworks/CoreServices.framework/Versions/A/Frameworks/OSServices.framework/Versions/A/OSServices
0x00007fff381a7000 	/System/Library/Frameworks/CoreServices.framework/Versions/A/Frameworks/SearchKit.framework/Versions/A/SearchKit
0x00007fff37ae6000 	/System/Library/Frameworks/CoreServices.framework/Versions/A/Frameworks/AE.framework/Versions/A/AE
0x00007fff37ea5000 	/System/Library/Frameworks/CoreServices.framework/Versions/A/Frameworks/LaunchServices.framework/Versions/A/LaunchServices
0x00007fff37e4e000 	/System/Library/Frameworks/CoreServices.framework/Versions/A/Frameworks/DictionaryServices.framework/Versions/A/DictionaryServices
0x00007fff3820f000 	/System/Library/Frameworks/CoreServices.framework/Versions/A/Frameworks/SharedFileList.framework/Versions/A/SharedFileList
0x00007fff3d09e000 	/System/Library/Frameworks/NetFS.framework/Versions/A/NetFS
0x00007fff5ddb1000 	/System/Library/PrivateFrameworks/NetAuth.framework/Versions/A/NetAuth
0x00007fff6a739000 	/System/Library/PrivateFrameworks/login.framework/Versions/A/Frameworks/loginsupport.framework/Versions/A/loginsupport
0x00007fff67047000 	/System/Library/PrivateFrameworks/TCC.framework/Versions/A/TCC
0x00007fff4ec73000 	/System/Library/PrivateFrameworks/CoreNLP.framework/Versions/A/CoreNLP
0x00007fff5d286000 	/System/Library/PrivateFrameworks/MetadataUtilities.framework/Versions/A/MetadataUtilities
0x00007fff6ea11000 	/usr/lib/libmecabra.dylib
0x00007fff6e969000 	/usr/lib/libmecab.dylib
0x00007fff6e5c5000 	/usr/lib/libgermantok.dylib
0x00007fff6d88a000 	/usr/lib/libThaiTokenizer.dylib
0x00007fff6d290000 	/usr/lib/libChineseTokenizer.dylib
0x00007fff3239c000 	/System/Library/Frameworks/Accelerate.framework/Versions/A/Frameworks/vImage.framework/Versions/A/vImage
0x00007fff33806000 	/System/Library/Frameworks/Accelerate.framework/Versions/A/Frameworks/vecLib.framework/Versions/A/vecLib
0x00007fff33743000 	/System/Library/Frameworks/Accelerate.framework/Versions/A/Frameworks/vecLib.framework/Versions/A/libvMisc.dylib
0x00007fff3356b000 	/System/Library/Frameworks/Accelerate.framework/Versions/A/Frameworks/vecLib.framework/Versions/A/libvDSP.dylib
0x00007fff329f3000 	/System/Library/Frameworks/Accelerate.framework/Versions/A/Frameworks/vecLib.framework/Versions/A/libBLAS.dylib
0x00007fff3312f000 	/System/Library/Frameworks/Accelerate.framework/Versions/A/Frameworks/vecLib.framework/Versions/A/libLAPACK.dylib
0x00007fff334cb000 	/System/Library/Frameworks/Accelerate.framework/Versions/A/Frameworks/vecLib.framework/Versions/A/libLinearAlgebra.dylib
0x00007fff33558000 	/System/Library/Frameworks/Accelerate.framework/Versions/A/Frameworks/vecLib.framework/Versions/A/libSparseBLAS.dylib
0x00007fff334e1000 	/System/Library/Frameworks/Accelerate.framework/Versions/A/Frameworks/vecLib.framework/Versions/A/libQuadrature.dylib
0x00007fff32c5b000 	/System/Library/Frameworks/Accelerate.framework/Versions/A/Frameworks/vecLib.framework/Versions/A/libBNNS.dylib
0x00007fff334e7000 	/System/Library/Frameworks/Accelerate.framework/Versions/A/Frameworks/vecLib.framework/Versions/A/libSparse.dylib
0x00007fff5bdfa000 	/System/Library/PrivateFrameworks/LanguageModeling.framework/Versions/A/LanguageModeling
0x00007fff4e623000 	/System/Library/PrivateFrameworks/CoreEmoji.framework/Versions/A/CoreEmoji
0x00007fff5bf18000 	/System/Library/PrivateFrameworks/LinguisticData.framework/Versions/A/LinguisticData
0x00007fff5bec9000 	/System/Library/PrivateFrameworks/Lexicon.framework/Versions/A/Lexicon
0x00007fff6db4c000 	/usr/lib/libcmph.dylib
0x00007fff3fc8d000 	/System/Library/Frameworks/OpenDirectory.framework/Versions/A/Frameworks/CFOpenDirectory.framework/Versions/A/CFOpenDirectory
0x00007fff3fcaa000 	/System/Library/Frameworks/OpenDirectory.framework/Versions/A/OpenDirectory
0x00007fff480ed000 	/System/Library/PrivateFrameworks/APFS.framework/Versions/A/APFS
0x00007fff4339c000 	/System/Library/Frameworks/SecurityFoundation.framework/Versions/A/SecurityFoundation
0x00007fff6fc12000 	/usr/lib/libutil.dylib
0x00007fff4fb58000 	/System/Library/PrivateFrameworks/CoreServicesStore.framework/Versions/A/CoreServicesStore
0x00007fff43453000 	/System/Library/Frameworks/ServiceManagement.framework/Versions/A/ServiceManagement
0x00007fff4b812000 	/System/Library/PrivateFrameworks/BackgroundTaskManagement.framework/Versions/A/BackgroundTaskManagement
0x00007fff6fd0f000 	/usr/lib/libxslt.1.dylib
0x00007fff4a6b5000 	/System/Library/PrivateFrameworks/AppleSystemInfo.framework/Versions/A/AppleSystemInfo
0x00007fff39844000 	/System/Library/Frameworks/ImageIO.framework/Versions/A/Resources/libJPEG.dylib
0x00007fff39b02000 	/System/Library/Frameworks/ImageIO.framework/Versions/A/Resources/libTIFF.dylib
0x00007fff39ae5000 	/System/Library/Frameworks/ImageIO.framework/Versions/A/Resources/libPng.dylib
0x00007fff39786000 	/System/Library/Frameworks/ImageIO.framework/Versions/A/Resources/libGIF.dylib
0x00007fff3978a000 	/System/Library/Frameworks/ImageIO.framework/Versions/A/Resources/libJP2.dylib
0x00007fff39b00000 	/System/Library/Frameworks/ImageIO.framework/Versions/A/Resources/libRadiance.dylib
0x00007fff6e58e000 	/usr/lib/libexpat.1.dylib
0x00007fff4a19d000 	/System/Library/PrivateFrameworks/AppleJPEG.framework/Versions/A/AppleJPEG
0x00007fff52e6e000 	/System/Library/PrivateFrameworks/FontServices.framework/libFontParser.dylib
0x00007fff6973b000 	/System/Library/PrivateFrameworks/WatchdogClient.framework/Versions/A/WatchdogClient
0x00007fff5b455000 	/System/Library/PrivateFrameworks/IOAccelerator.framework/Versions/A/IOAccelerator
0x00007fff3c00f000 	/System/Library/Frameworks/MetalPerformanceShaders.framework/Versions/A/MetalPerformanceShaders
0x00007fff57beb000 	/System/Library/PrivateFrameworks/GPUWrangler.framework/Versions/A/GPUWrangler
0x00007fff5b46a000 	/System/Library/PrivateFrameworks/IOPresentment.framework/Versions/A/IOPresentment
0x00007fff506d8000 	/System/Library/PrivateFrameworks/DSExternalDisplay.framework/Versions/A/DSExternalDisplay
0x00007fff4061e000 	/System/Library/Frameworks/OpenGL.framework/Versions/A/Libraries/libCoreFSCache.dylib
0x00007fff3bd5b000 	/System/Library/Frameworks/MetalPerformanceShaders.framework/Frameworks/MPSCore.framework/Versions/A/MPSCore
0x00007fff3bd99000 	/System/Library/Frameworks/MetalPerformanceShaders.framework/Frameworks/MPSImage.framework/Versions/A/MPSImage
0x00007fff3be60000 	/System/Library/Frameworks/MetalPerformanceShaders.framework/Frameworks/MPSNeuralNetwork.framework/Versions/A/MPSNeuralNetwork
0x00007fff3be24000 	/System/Library/Frameworks/MetalPerformanceShaders.framework/Frameworks/MPSMatrix.framework/Versions/A/MPSMatrix
0x00007fff3bfbf000 	/System/Library/Frameworks/MetalPerformanceShaders.framework/Frameworks/MPSRayIntersector.framework/Versions/A/MPSRayIntersector
0x00007fff3be4a000 	/System/Library/Frameworks/MetalPerformanceShaders.framework/Frameworks/MPSNDArray.framework/Versions/A/MPSNDArray
0x00007fff5d2d3000 	/System/Library/PrivateFrameworks/MetalTools.framework/Versions/A/MetalTools
0x00007fff492c7000 	/System/Library/PrivateFrameworks/AggregateDictionary.framework/Versions/A/AggregateDictionary
0x00007fff4e06b000 	/System/Library/PrivateFrameworks/CoreAnalytics.framework/Versions/A/CoreAnalytics
0x00007fff4a5d4000 	/System/Library/PrivateFrameworks/AppleSauce.framework/Versions/A/AppleSauce
0x00007fff6d54c000 	/usr/lib/libIOReport.dylib
0x00007fff38710000 	/System/Library/Frameworks/CoreVideo.framework/Versions/A/CoreVideo
0x00007fff59064000 	/System/Library/PrivateFrameworks/GraphVisualizer.framework/Versions/A/GraphVisualizer
0x00007fff523b4000 	/System/Library/PrivateFrameworks/FaceCore.framework/Versions/A/FaceCore
0x00007fff3fc34000 	/System/Library/Frameworks/OpenCL.framework/Versions/A/OpenCL
0x00007fff6d36e000 	/usr/lib/libFosl_dynamic.dylib
0x00007fff5e7d1000 	/System/Library/PrivateFrameworks/OTSVG.framework/Versions/A/OTSVG
0x00007fff348c5000 	/System/Library/Frameworks/ApplicationServices.framework/Versions/A/Frameworks/ATS.framework/Versions/A/Resources/libFontRegistry.dylib
0x00007fff5303f000 	/System/Library/PrivateFrameworks/FontServices.framework/libhvf.dylib
0x00007fff40629000 	/System/Library/Frameworks/OpenGL.framework/Versions/A/Libraries/libGFXShared.dylib
0x00007fff40807000 	/System/Library/Frameworks/OpenGL.framework/Versions/A/Libraries/libGLU.dylib
0x00007fff40632000 	/System/Library/Frameworks/OpenGL.framework/Versions/A/Libraries/libGL.dylib
0x00007fff4063d000 	/System/Library/Frameworks/OpenGL.framework/Versions/A/Libraries/libGLImage.dylib
0x00007fff4061b000 	/System/Library/Frameworks/OpenGL.framework/Versions/A/Libraries/libCVMSPluginSupport.dylib
0x00007fff40624000 	/System/Library/Frameworks/OpenGL.framework/Versions/A/Libraries/libCoreVMClient.dylib
0x00007fff6efe0000 	/usr/lib/libncurses.5.4.dylib
0x00007fff347c1000 	/System/Library/Frameworks/ApplicationServices.framework/Versions/A/Frameworks/ATS.framework/Versions/A/ATS
0x00007fff3498e000 	/System/Library/Frameworks/ApplicationServices.framework/Versions/A/Frameworks/ColorSyncLegacy.framework/Versions/A/ColorSyncLegacy
0x00007fff34a2c000 	/System/Library/Frameworks/ApplicationServices.framework/Versions/A/Frameworks/HIServices.framework/Versions/A/HIServices
0x00007fff34a84000 	/System/Library/Frameworks/ApplicationServices.framework/Versions/A/Frameworks/LangAnalysis.framework/Versions/A/LangAnalysis
0x00007fff34a93000 	/System/Library/Frameworks/ApplicationServices.framework/Versions/A/Frameworks/PrintCore.framework/Versions/A/PrintCore
0x00007fff34ad9000 	/System/Library/Frameworks/ApplicationServices.framework/Versions/A/Frameworks/QD.framework/Versions/A/QD
0x00007fff34ae4000 	/System/Library/Frameworks/ApplicationServices.framework/Versions/A/Frameworks/SpeechSynthesis.framework/Versions/A/SpeechSynthesis
0x00007fff3495e000 	/System/Library/Frameworks/ApplicationServices.framework/Versions/A/Frameworks/ATSUI.framework/Versions/A/ATSUI
0x00007fff6e424000 	/usr/lib/libcups.2.dylib
0x00007fff3b0aa000 	/System/Library/Frameworks/Kerberos.framework/Versions/A/Kerberos
0x00007fff391ec000 	/System/Library/Frameworks/GSS.framework/Versions/A/GSS
0x00007fff6f763000 	/usr/lib/libresolv.9.dylib
0x00007fff59211000 	/System/Library/PrivateFrameworks/Heimdal.framework/Versions/A/Heimdal
0x00007fff3b0bd000 	/System/Library/Frameworks/Kerberos.framework/Versions/A/Libraries/libHeimdalProxy.dylib
0x00007fff6e5cb000 	/usr/lib/libheimdal-asn1.dylib
0x00007fff4d503000 	/System/Library/PrivateFrameworks/CommonAuth.framework/Versions/A/CommonAuth
0x00007fff4a752000 	/System/Library/PrivateFrameworks/AssertionServices.framework/Versions/A/AssertionServices
0x00007fff4b2f5000 	/System/Library/PrivateFrameworks/AudioToolboxCore.framework/Versions/A/AudioToolboxCore
0x00007fff6a3e9000 	/System/Library/PrivateFrameworks/caulk.framework/Versions/A/caulk
0x00007fff4b8be000 	/System/Library/PrivateFrameworks/BaseBoard.framework/Versions/A/BaseBoard
0x00007fff62a34000 	/System/Library/PrivateFrameworks/RunningBoardServices.framework/Versions/A/RunningBoardServices
0x00007fff5fa45000 	/System/Library/PrivateFrameworks/PersistentConnection.framework/Versions/A/PersistentConnection
0x00007fff6242d000 	/System/Library/PrivateFrameworks/ProtocolBuffer.framework/Versions/A/ProtocolBuffer
0x00007fff4d527000 	/System/Library/PrivateFrameworks/CommonUtilities.framework/Versions/A/CommonUtilities
0x00007fff4ba4c000 	/System/Library/PrivateFrameworks/Bom.framework/Versions/A/Bom
0x00007fff6d21f000 	/usr/lib/libAudioToolboxUtility.dylib
0x00007fff4b81c000 	/System/Library/PrivateFrameworks/Backup.framework/Versions/A/Backup
0x00007fff505f9000 	/System/Library/PrivateFrameworks/CrashReporterSupport.framework/Versions/A/CrashReporterSupport
0x00007fff644c6000 	/System/Library/PrivateFrameworks/Sharing.framework/Versions/A/Sharing
0x00007fff49d60000 	/System/Library/PrivateFrameworks/Apple80211.framework/Versions/A/Apple80211
0x00007fff4b539000 	/System/Library/PrivateFrameworks/AuthKit.framework/Versions/A/AuthKit
0x00007fff50306000 	/System/Library/PrivateFrameworks/CoreUtils.framework/Versions/A/CoreUtils
0x00007fff38755000 	/System/Library/Frameworks/CoreWLAN.framework/Versions/A/CoreWLAN
0x00007fff39379000 	/System/Library/Frameworks/IOBluetooth.framework/Versions/A/IOBluetooth
0x00007fff5d600000 	/System/Library/PrivateFrameworks/MobileKeyBag.framework/Versions/A/MobileKeyBag
0x00007fff4f10b000 	/System/Library/PrivateFrameworks/CorePhoneNumbers.framework/Versions/A/CorePhoneNumbers
0x00007fff4a150000 	/System/Library/PrivateFrameworks/AppleIDAuthSupport.framework/Versions/A/AppleIDAuthSupport
0x00007fff3d0ab000 	/System/Library/Frameworks/Network.framework/Versions/A/Network
0x00007fff5bca6000 	/System/Library/PrivateFrameworks/KeychainCircle.framework/Versions/A/KeychainCircle
0x00007fff361a6000 	/System/Library/Frameworks/CoreBluetooth.framework/Versions/A/CoreBluetooth
0x00007fff66545000 	/System/Library/PrivateFrameworks/SpeechRecognitionCore.framework/Versions/A/SpeechRecognitionCore
0x00007fff2977d000 	/System/Library/CoreServices/Encodings/libCyrillicConverter.dylib
0x0000000102e00000 	/Users/etranger/bin/Sencha/Cmd/7.3.0.19/.install4j/jre.bundle/Contents/Home/lib/server/libjvm.dylib
0x00007fff6fae5000 	/usr/lib/libstdc++.6.dylib
0x000000010256a000 	/Users/etranger/bin/Sencha/Cmd/7.3.0.19/.install4j/jre.bundle/Contents/Home/lib/libverify.dylib
0x0000000102581000 	/Users/etranger/bin/Sencha/Cmd/7.3.0.19/.install4j/jre.bundle/Contents/Home/lib/libjava.dylib
0x00000001025cc000 	/Users/etranger/bin/Sencha/Cmd/7.3.0.19/.install4j/jre.bundle/Contents/Home/lib/libzip.dylib
0x000000010522c000 	/Users/etranger/bin/Sencha/Cmd/7.3.0.19/.install4j/jre.bundle/Contents/Home/lib/libnio.dylib
0x0000000105246000 	/Users/etranger/bin/Sencha/Cmd/7.3.0.19/.install4j/jre.bundle/Contents/Home/lib/libnet.dylib
0x00000001054e8000 	/Users/etranger/bin/Sencha/Cmd/7.3.0.19/.install4j/jre.bundle/Contents/Home/lib/libmanagement.dylib
0x00000001054fc000 	/Users/etranger/bin/Sencha/Cmd/7.3.0.19/.install4j/jre.bundle/Contents/Home/lib/libosx.dylib
0x0000000105515000 	/Users/etranger/bin/Sencha/Cmd/7.3.0.19/.install4j/jre.bundle/Contents/Home/lib/libosxapp.dylib
0x00007fff3b094000 	/System/Library/Frameworks/JavaVM.framework/Versions/A/Frameworks/JavaNativeFoundation.framework/Versions/A/JavaNativeFoundation
0x00007fff3b09d000 	/System/Library/Frameworks/JavaVM.framework/Versions/A/Frameworks/JavaRuntimeSupport.framework/Versions/A/JavaRuntimeSupport
0x00007fff35377000 	/System/Library/Frameworks/Carbon.framework/Versions/A/Carbon
0x00007fff38c55000 	/System/Library/Frameworks/ExceptionHandling.framework/Versions/A/ExceptionHandling
0x00007fff35378000 	/System/Library/Frameworks/Carbon.framework/Versions/A/Frameworks/CommonPanels.framework/Versions/A/CommonPanels
0x00007fff35671000 	/System/Library/Frameworks/Carbon.framework/Versions/A/Frameworks/Help.framework/Versions/A/Help
0x00007fff35675000 	/System/Library/Frameworks/Carbon.framework/Versions/A/Frameworks/ImageCapture.framework/Versions/A/ImageCapture
0x00007fff3567c000 	/System/Library/Frameworks/Carbon.framework/Versions/A/Frameworks/OpenScripting.framework/Versions/A/OpenScripting
0x00007fff3567b000 	/System/Library/Frameworks/Carbon.framework/Versions/A/Frameworks/Ink.framework/Versions/A/Ink
0x00007fff356b7000 	/System/Library/Frameworks/Carbon.framework/Versions/A/Frameworks/Print.framework/Versions/A/Print
0x00007fff356b8000 	/System/Library/Frameworks/Carbon.framework/Versions/A/Frameworks/SecurityHI.framework/Versions/A/SecurityHI
0x00007fff3b0a5000 	/System/Library/Frameworks/JavaVM.framework/Versions/A/JavaVM
0x00007fff5babd000 	/System/Library/PrivateFrameworks/JavaLaunching.framework/Versions/A/JavaLaunching
0x00007fff500ab000 	/System/Library/PrivateFrameworks/CoreSymbolication.framework/Versions/A/CoreSymbolication
0x00007fff5082d000 	/System/Library/PrivateFrameworks/DebugSymbols.framework/Versions/A/DebugSymbols
0x000000010554a000 	/private/var/folders/z_/c80h7n815jxd_f7wx1jkng6m0000gn/T/libjansi-64-1.9.jnilib
0x000000011ab94000 	/private/var/folders/z_/c80h7n815jxd_f7wx1jkng6m0000gn/T/Update3762952976123631950.dylib

VM Arguments:
jvm_args: -Dapple.awt.UIElement=true -Xms256m -Xmx2048m -Dapple.awt.UIElement=true 
java_command: install4j.com.sencha.command.Sencha app watch
java_class_path (initial): /Users/etranger/bin/Sencha/Cmd/7.3.0.19/.install4j/i4jruntime.jar:/Users/etranger/bin/Sencha/Cmd/7.3.0.19/.install4j/launcher6b5f63d9.jar:/Users/etranger/bin/Sencha/Cmd/7.3.0.19/sencha.jar
Launcher Type: SUN_STANDARD

Environment Variables:
PATH=/Users/etranger/bin/Sencha/Cmd:/Users/etranger/bin/Sencha:/Users/etranger/Sencha/Cmd:/usr/local/bin:/usr/bin:/bin:/usr/sbin:/sbin:/usr/local/share/dotnet:/opt/X11/bin:~/.dotnet/tools:/Library/Frameworks/Mono.framework/Versions/Current/Commands:/Users/etranger/bin/Sencha/Cmd:/Users/etranger/bin/Sencha:/Users/etranger/Sencha/Cmd
SHELL=/bin/bash
DISPLAY=/private/tmp/com.apple.launchd.gnBl6ZqX5e/org.macosforge.xquartz:0

Signal Handlers:
SIGSEGV: [libjvm.dylib+0x588183], sa_mask[0]=11111111011111110111111111111111, sa_flags=SA_ONSTACK|SA_RESTART|SA_SIGINFO
SIGBUS: [libjvm.dylib+0x588183], sa_mask[0]=11111111011111110111111111111111, sa_flags=SA_RESTART|SA_SIGINFO
SIGFPE: [libjvm.dylib+0x46288c], sa_mask[0]=11111111011111110111111111111111, sa_flags=SA_RESTART|SA_SIGINFO
SIGPIPE: [libjvm.dylib+0x46288c], sa_mask[0]=11111111011111110111111111111111, sa_flags=SA_RESTART|SA_SIGINFO
SIGXFSZ: [libjvm.dylib+0x46288c], sa_mask[0]=11111111011111110111111111111111, sa_flags=SA_RESTART|SA_SIGINFO
SIGILL: [libjvm.dylib+0x46288c], sa_mask[0]=11111111011111110111111111111111, sa_flags=SA_RESTART|SA_SIGINFO
SIGUSR1: SIG_DFL, sa_mask[0]=11011111011111100000000111000110, sa_flags=none
SIGUSR2: [libjvm.dylib+0x4623aa], sa_mask[0]=00000000000000000000000000000000, sa_flags=SA_RESTART|SA_SIGINFO
SIGHUP: [libjvm.dylib+0x460935], sa_mask[0]=11111111011111110111111111111111, sa_flags=SA_RESTART|SA_SIGINFO
SIGINT: [libjvm.dylib+0x460935], sa_mask[0]=11111111011111110111111111111111, sa_flags=SA_RESTART|SA_SIGINFO
SIGTERM: [libjvm.dylib+0x460935], sa_mask[0]=11111111011111110111111111111111, sa_flags=SA_RESTART|SA_SIGINFO
SIGQUIT: [libjvm.dylib+0x460935], sa_mask[0]=11111111011111110111111111111111, sa_flags=SA_RESTART|SA_SIGINFO


---------------  S Y S T E M  ---------------

OS:Bsduname:Darwin 19.6.0 Darwin Kernel Version 19.6.0: Thu Jun 18 20:49:00 PDT 2020; root:xnu-6153.141.1~1/RELEASE_X86_64 x86_64
rlimit: STACK 8192k, CORE 0k, NPROC 1392, NOFILE 10240, AS infinity
load average:2,67 2,37 2,24

CPU:total 4 (initial active 4) (2 cores per cpu, 2 threads per core) family 6 model 61 stepping 4, cmov, cx8, fxsr, mmx, sse, sse2, sse3, ssse3, sse4.1, sse4.2, popcnt, avx, avx2, aes, clmul, erms, 3dnowpref, lzcnt, ht, tsc, tscinvbit, bmi1, bmi2, adx

Memory: 4k page, physical 8388608k(647864k free)

/proc/meminfo:


vm_info: OpenJDK 64-Bit Server VM (25.242-b08) for bsd-amd64 JRE (1.8.0_242-b08), built on Jan 19 2020 06:43:11 by "jenkins" with gcc 4.2.1 (Based on Apple Inc. build 5658) (LLVM build 2336.11.00)

time: Mon Sep 28 05:53:44 2020
timezone: MSK
elapsed time: 6 seconds (0d 0h 0m 6s)

